<?xml version="1.0" encoding="UTF-8"?>
<!-- Generated by org.testng.reporters.JUnitReportReporter -->
<testsuite skipped="0" hostname="Mitesh" name="uk.co.library.AppTest" tests="1" failures="0" timestamp="2023-05-08T22:06:16 BST" time="0.002" errors="0">
  <testcase name="testApp" time="0.002" classname="uk.co.library.AppTest"/>
  <system-out/>
</testsuite> <!-- uk.co.library.AppTest -->
